mode: set
digital-wallet/internal/models/user.go:24.46,25.19 1 1
digital-wallet/internal/models/user.go:25.19,27.3 1 0
digital-wallet/internal/models/user.go:29.2,30.16 2 1
digital-wallet/internal/models/user.go:30.16,32.3 1 0
digital-wallet/internal/models/user.go:33.2,33.26 1 1
digital-wallet/internal/models/user.go:37.53,39.2 1 1
digital-wallet/internal/models/wallet.go:41.34,43.2 1 1
digital-wallet/internal/models/wallet.go:46.45,48.2 1 1
digital-wallet/configs/config.go:54.25,56.2 1 1
digital-wallet/configs/config.go:59.28,61.2 1 1
digital-wallet/configs/config.go:64.21,69.50 3 1
digital-wallet/configs/config.go:69.50,70.56 1 0
digital-wallet/configs/config.go:73.2,73.11 1 1
digital-wallet/configs/env.go:7.28,9.2 1 0
digital-wallet/configs/env.go:11.27,13.2 1 0
digital-wallet/configs/env.go:15.29,17.2 1 0
digital-wallet/configs/env.go:19.30,21.2 1 0
digital-wallet/internal/repositories/registry.go:18.118,26.2 2 1
digital-wallet/internal/repositories/registry.go:28.129,31.21 2 1
digital-wallet/internal/repositories/registry.go:31.21,33.3 1 0
digital-wallet/internal/repositories/registry.go:35.2,35.15 1 1
digital-wallet/internal/repositories/registry.go:35.15,36.31 1 1
digital-wallet/internal/repositories/registry.go:36.31,38.12 2 1
digital-wallet/internal/repositories/registry.go:39.9,39.24 1 1
digital-wallet/internal/repositories/registry.go:39.24,41.25 2 0
digital-wallet/internal/repositories/registry.go:41.25,43.5 1 0
digital-wallet/internal/repositories/registry.go:44.9,46.4 1 1
digital-wallet/internal/repositories/registry.go:50.2,59.8 3 1
digital-wallet/internal/repositories/registry.go:62.80,64.2 1 0
digital-wallet/internal/repositories/registry.go:66.102,68.2 1 0
digital-wallet/internal/repositories/wallet.go:20.73,22.2 1 1
digital-wallet/internal/repositories/wallet.go:24.85,26.2 1 1
digital-wallet/internal/repositories/wallet.go:28.92,31.25 3 1
digital-wallet/internal/repositories/wallet.go:31.25,33.3 1 1
digital-wallet/internal/repositories/wallet.go:34.2,34.21 1 1
digital-wallet/internal/repositories/wallet.go:37.100,40.25 3 1
digital-wallet/internal/repositories/wallet.go:40.25,41.54 1 1
digital-wallet/internal/repositories/wallet.go:41.54,43.4 1 1
digital-wallet/internal/repositories/wallet.go:44.3,44.27 1 1
digital-wallet/internal/repositories/wallet.go:46.2,46.21 1 1
digital-wallet/internal/repositories/wallet.go:49.94,52.25 3 1
digital-wallet/internal/repositories/wallet.go:52.25,54.3 1 1
digital-wallet/internal/repositories/wallet.go:55.2,55.28 1 1
digital-wallet/internal/repositories/wallet.go:58.102,60.2 1 1
digital-wallet/internal/repositories/wallet.go:62.85,64.2 1 1
digital-wallet/internal/repositories/wallet.go:66.115,68.70 2 1
digital-wallet/internal/repositories/wallet.go:68.70,74.30 2 1
digital-wallet/internal/repositories/wallet.go:74.30,75.59 1 1
digital-wallet/internal/repositories/wallet.go:75.59,77.5 1 1
digital-wallet/internal/repositories/wallet.go:78.4,78.27 1 0
digital-wallet/internal/repositories/wallet.go:81.3,81.23 1 1
digital-wallet/internal/repositories/wallet.go:81.23,83.4 1 1
digital-wallet/internal/repositories/wallet.go:85.3,85.30 1 1
digital-wallet/internal/repositories/wallet.go:85.30,87.4 1 0
digital-wallet/internal/repositories/wallet.go:89.3,90.32 2 1
digital-wallet/internal/repositories/wallet.go:90.32,92.4 1 1
digital-wallet/internal/repositories/wallet.go:94.3,94.37 1 1
digital-wallet/internal/repositories/wallet.go:94.37,96.4 1 1
digital-wallet/internal/repositories/wallet.go:98.3,98.53 1 1
digital-wallet/internal/repositories/wallet.go:101.2,101.19 1 1
digital-wallet/internal/repositories/wallet.go:101.19,103.3 1 1
digital-wallet/internal/repositories/wallet.go:105.2,105.21 1 1
digital-wallet/internal/repositories/wallet.go:116.95,118.2 1 1
digital-wallet/internal/repositories/wallet.go:120.112,122.2 1 1
digital-wallet/internal/repositories/wallet.go:124.114,127.25 3 1
digital-wallet/internal/repositories/wallet.go:127.25,129.3 1 1
digital-wallet/internal/repositories/wallet.go:130.2,130.26 1 1
digital-wallet/internal/repositories/wallet.go:133.146,142.2 3 1
digital-wallet/internal/repositories/wallet.go:144.108,148.2 3 0
digital-wallet/internal/repositories/wallet.go:150.112,152.2 1 1
digital-wallet/di/database.go:13.46,21.16 3 0
digital-wallet/di/database.go:21.16,23.13 2 0
digital-wallet/di/database.go:26.2,27.16 2 0
digital-wallet/di/database.go:27.16,29.13 2 0
digital-wallet/di/database.go:32.2,35.13 3 0
digital-wallet/di/di.go:24.25,52.2 5 0
digital-wallet/di/logger.go:9.50,12.26 2 1
digital-wallet/di/logger.go:13.9,14.26 1 1
digital-wallet/di/logger.go:15.9,16.25 1 1
digital-wallet/di/logger.go:17.9,18.25 1 1
digital-wallet/di/logger.go:19.9,20.26 1 1
digital-wallet/di/logger.go:21.10,22.25 1 1
digital-wallet/di/logger.go:25.2,30.26 3 1
digital-wallet/di/redis.go:10.52,19.2 2 1
digital-wallet/di/validator.go:11.58,13.2 1 1
digital-wallet/di/validator.go:15.44,18.2 2 1
digital-wallet/internal/controllers/wallet_controller.go:17.62,21.2 1 1
digital-wallet/internal/controllers/wallet_controller.go:24.62,29.16 4 1
digital-wallet/internal/controllers/wallet_controller.go:29.16,31.3 1 1
digital-wallet/internal/controllers/wallet_controller.go:33.2,33.62 1 1
digital-wallet/internal/controllers/wallet_controller.go:37.60,42.37 3 1
digital-wallet/internal/controllers/wallet_controller.go:42.37,44.3 1 1
digital-wallet/internal/controllers/wallet_controller.go:47.2,47.41 1 1
digital-wallet/internal/controllers/wallet_controller.go:47.41,49.3 1 0
digital-wallet/internal/controllers/wallet_controller.go:52.2,53.16 2 1
digital-wallet/internal/controllers/wallet_controller.go:53.16,55.3 1 0
digital-wallet/internal/controllers/wallet_controller.go:57.2,57.65 1 1
digital-wallet/internal/controllers/wallet_controller.go:61.73,68.41 5 1
digital-wallet/internal/controllers/wallet_controller.go:68.41,70.3 1 1
digital-wallet/internal/controllers/wallet_controller.go:72.2,72.42 1 1
digital-wallet/internal/controllers/wallet_controller.go:72.42,74.3 1 1
digital-wallet/internal/controllers/wallet_controller.go:76.2,77.16 2 1
digital-wallet/internal/controllers/wallet_controller.go:77.16,79.3 1 0
digital-wallet/internal/controllers/wallet_controller.go:82.2,83.34 2 1
digital-wallet/internal/controllers/wallet_controller.go:83.34,92.3 1 1
digital-wallet/internal/controllers/wallet_controller.go:94.2,103.74 2 1
digital-wallet/internal/router/router.go:10.50,15.2 3 1
digital-wallet/internal/router/router.go:15.2,20.3 2 1
digital-wallet/internal/router/router.go:20.3,25.4 3 1
digital-wallet/internal/router/router.go:27.3,27.40 1 1
digital-wallet/internal/router/router.go:27.40,29.4 1 0
digital-wallet/internal/router/router.go:31.3,31.42 1 1
digital-wallet/internal/router/router.go:31.42,33.4 1 0
digital-wallet/pkg/auth/auth.go:21.52,24.14 2 1
digital-wallet/pkg/auth/auth.go:24.14,26.3 1 1
digital-wallet/pkg/auth/auth.go:28.2,33.47 4 1
digital-wallet/pkg/auth/auth.go:33.47,35.3 1 1
digital-wallet/pkg/auth/auth.go:37.2,38.45 2 1
digital-wallet/pkg/auth/auth.go:38.45,40.3 1 1
digital-wallet/pkg/auth/auth.go:42.2,43.44 2 1
digital-wallet/pkg/auth/auth.go:43.44,45.3 1 1
digital-wallet/pkg/auth/auth.go:47.2,48.50 2 1
digital-wallet/pkg/auth/auth.go:48.50,50.3 1 1
digital-wallet/pkg/auth/auth.go:52.2,57.3 1 1
digital-wallet/pkg/auth/jwt.go:12.84,15.2 2 1
digital-wallet/pkg/auth/jwt.go:18.70,19.76 1 1
digital-wallet/pkg/auth/jwt.go:19.76,21.58 1 1
digital-wallet/pkg/auth/jwt.go:21.58,23.4 1 0
digital-wallet/pkg/auth/jwt.go:24.3,24.33 1 1
digital-wallet/pkg/auth/jwt.go:28.42,33.22 3 1
digital-wallet/pkg/auth/jwt.go:33.22,35.3 1 1
digital-wallet/pkg/auth/jwt.go:36.2,36.11 1 1
digital-wallet/pkg/response/echo_handler.go:12.56,16.46 2 1
digital-wallet/pkg/response/echo_handler.go:16.46,18.3 1 1
digital-wallet/pkg/response/echo_handler.go:18.8,21.3 1 1
digital-wallet/pkg/response/echo_handler.go:24.2,24.35 1 1
digital-wallet/pkg/response/echo_handler.go:24.35,26.3 1 1
digital-wallet/pkg/response/echo_handler.go:29.2,29.29 1 1
digital-wallet/pkg/response/echo_handler.go:29.29,30.75 1 1
digital-wallet/pkg/response/echo_handler.go:30.75,32.4 1 0
digital-wallet/pkg/response/echo_handler.go:37.43,38.54 1 1
digital-wallet/pkg/response/echo_handler.go:38.54,39.37 1 1
digital-wallet/pkg/response/echo_handler.go:39.37,41.52 1 1
digital-wallet/pkg/response/echo_handler.go:41.52,45.5 3 1
digital-wallet/pkg/response/echo_handler.go:48.4,49.18 2 1
digital-wallet/pkg/response/echo_handler.go:49.18,53.5 2 1
digital-wallet/pkg/response/echo_handler.go:55.4,55.14 1 1
digital-wallet/pkg/response/echo_handler.go:63.51,64.16 1 1
digital-wallet/pkg/response/echo_handler.go:64.16,66.3 1 1
digital-wallet/pkg/response/echo_handler.go:69.2,69.38 1 1
digital-wallet/pkg/response/echo_handler.go:69.38,71.3 1 1
digital-wallet/pkg/response/echo_handler.go:74.2,74.40 1 1
digital-wallet/pkg/response/echo_handler.go:78.98,84.17 2 1
digital-wallet/pkg/response/echo_handler.go:84.17,86.3 1 1
digital-wallet/pkg/response/echo_handler.go:88.2,88.37 1 1
digital-wallet/pkg/response/echo_handler.go:92.83,95.2 2 1
digital-wallet/pkg/response/echo_handler.go:98.70,100.2 1 1
digital-wallet/pkg/response/echo_handler.go:103.65,105.2 1 1
digital-wallet/pkg/response/echo_handler.go:108.38,110.2 1 1
digital-wallet/pkg/response/errors.go:22.39,24.2 1 1
digital-wallet/pkg/response/errors.go:27.41,29.2 1 1
digital-wallet/pkg/response/errors.go:37.32,39.2 1 1
digital-wallet/pkg/response/errors.go:65.54,66.16 1 1
digital-wallet/pkg/response/errors.go:66.16,68.3 1 1
digital-wallet/pkg/response/errors.go:70.2,70.37 1 1
digital-wallet/pkg/response/errors.go:70.37,72.3 1 1
digital-wallet/pkg/response/errors.go:74.2,78.41 4 1
digital-wallet/pkg/response/errors.go:78.41,81.3 2 1
digital-wallet/pkg/response/errors.go:81.8,84.3 2 1
digital-wallet/pkg/response/errors.go:86.2,92.3 1 1
digital-wallet/pkg/response/errors.go:96.47,97.16 1 1
digital-wallet/pkg/response/errors.go:97.16,99.3 1 1
digital-wallet/pkg/response/errors.go:101.2,101.37 1 1
digital-wallet/pkg/response/errors.go:101.37,103.3 1 1
digital-wallet/pkg/response/errors.go:105.2,109.41 4 1
digital-wallet/pkg/response/errors.go:109.41,112.3 2 1
digital-wallet/pkg/response/errors.go:112.8,115.3 2 1
digital-wallet/pkg/response/errors.go:117.2,123.3 1 1
digital-wallet/pkg/response/errors.go:127.44,128.16 1 1
digital-wallet/pkg/response/errors.go:128.16,130.3 1 1
digital-wallet/pkg/response/errors.go:132.2,132.37 1 1
digital-wallet/pkg/response/errors.go:132.37,134.3 1 1
digital-wallet/pkg/response/errors.go:136.2,140.41 4 1
digital-wallet/pkg/response/errors.go:140.41,143.3 2 1
digital-wallet/pkg/response/errors.go:143.8,146.3 2 1
digital-wallet/pkg/response/errors.go:148.2,154.3 1 1
digital-wallet/pkg/response/errors.go:158.49,159.16 1 1
digital-wallet/pkg/response/errors.go:159.16,161.3 1 1
digital-wallet/pkg/response/errors.go:163.2,163.37 1 1
digital-wallet/pkg/response/errors.go:163.37,165.3 1 1
digital-wallet/pkg/response/errors.go:167.2,171.41 4 1
digital-wallet/pkg/response/errors.go:171.41,174.3 2 1
digital-wallet/pkg/response/errors.go:174.8,177.3 2 0
digital-wallet/pkg/response/errors.go:179.2,185.3 1 1
digital-wallet/pkg/response/errors.go:189.43,190.16 1 1
digital-wallet/pkg/response/errors.go:190.16,192.3 1 1
digital-wallet/pkg/response/errors.go:194.2,194.37 1 1
digital-wallet/pkg/response/errors.go:194.37,196.3 1 1
digital-wallet/pkg/response/errors.go:198.2,202.41 4 1
digital-wallet/pkg/response/errors.go:202.41,205.3 2 1
digital-wallet/pkg/response/errors.go:205.8,208.3 2 1
digital-wallet/pkg/response/errors.go:210.2,216.3 1 1
digital-wallet/pkg/response/errors.go:220.45,221.16 1 1
digital-wallet/pkg/response/errors.go:221.16,223.3 1 1
digital-wallet/pkg/response/errors.go:225.2,225.37 1 1
digital-wallet/pkg/response/errors.go:225.37,227.3 1 1
digital-wallet/pkg/response/errors.go:229.2,233.41 4 1
digital-wallet/pkg/response/errors.go:233.41,236.3 2 1
digital-wallet/pkg/response/errors.go:236.8,239.3 2 1
digital-wallet/pkg/response/errors.go:241.2,247.3 1 1
digital-wallet/pkg/response/errors.go:251.77,252.16 1 1
digital-wallet/pkg/response/errors.go:252.16,254.3 1 0
digital-wallet/pkg/response/errors.go:256.2,256.37 1 1
digital-wallet/pkg/response/errors.go:256.37,258.3 1 1
digital-wallet/pkg/response/errors.go:260.2,264.41 4 1
digital-wallet/pkg/response/errors.go:264.41,267.3 2 0
digital-wallet/pkg/response/errors.go:267.8,270.3 2 1
digital-wallet/pkg/response/errors.go:272.2,272.17 1 1
digital-wallet/pkg/response/errors.go:272.17,274.3 1 1
digital-wallet/pkg/response/errors.go:276.2,283.3 1 1
digital-wallet/pkg/response/errors.go:287.86,288.16 1 1
digital-wallet/pkg/response/errors.go:288.16,290.3 1 0
digital-wallet/pkg/response/errors.go:292.2,292.37 1 1
digital-wallet/pkg/response/errors.go:292.37,294.3 1 1
digital-wallet/pkg/response/errors.go:296.2,302.3 1 1
digital-wallet/pkg/response/errors.go:306.58,307.16 1 1
digital-wallet/pkg/response/errors.go:307.16,309.3 1 1
digital-wallet/pkg/response/errors.go:312.2,312.34 1 1
digital-wallet/pkg/response/errors.go:312.34,313.20 1 1
digital-wallet/pkg/response/errors.go:314.33,315.31 1 1
digital-wallet/pkg/response/errors.go:316.30,317.28 1 1
digital-wallet/pkg/response/errors.go:318.35,319.33 1 1
digital-wallet/pkg/response/errors.go:320.33,321.27 1 1
digital-wallet/pkg/response/errors.go:322.25,323.38 1 1
digital-wallet/pkg/response/errors.go:324.11,325.29 1 1
digital-wallet/pkg/response/errors.go:330.2,330.27 1 1
digital-wallet/pkg/response/errors.go:330.27,331.27 1 1
digital-wallet/pkg/response/errors.go:332.14,333.31 1 1
digital-wallet/pkg/response/errors.go:334.14,335.28 1 1
digital-wallet/pkg/response/errors.go:336.14,337.27 1 1
digital-wallet/pkg/response/errors.go:338.14,339.38 1 1
digital-wallet/pkg/response/errors.go:340.11,341.29 1 1
digital-wallet/pkg/response/errors.go:346.2,346.27 1 0
digital-wallet/pkg/response/errors.go:350.39,355.2 1 1
digital-wallet/pkg/response/errors.go:358.44,360.2 1 1
digital-wallet/pkg/response/errors.go:363.65,365.2 1 1
digital-wallet/pkg/response/errors.go:368.29,370.2 1 1
digital-wallet/pkg/response/errors.go:373.33,375.2 1 1
digital-wallet/pkg/response/errors.go:378.51,380.2 1 1
digital-wallet/pkg/response/errors.go:383.72,385.2 1 1
digital-wallet/pkg/response/errors.go:388.33,390.2 1 0
digital-wallet/pkg/response/errors.go:393.45,395.2 1 0
digital-wallet/pkg/response/errors.go:400.48,405.2 1 1
digital-wallet/pkg/response/errors.go:408.52,413.2 1 1
digital-wallet/pkg/response/errors.go:416.47,421.2 1 1
digital-wallet/pkg/response/errors.go:424.50,425.19 1 1
digital-wallet/pkg/response/errors.go:425.19,427.3 1 1
digital-wallet/pkg/response/errors.go:428.2,431.3 1 1
digital-wallet/pkg/response/errors.go:435.47,436.19 1 1
digital-wallet/pkg/response/errors.go:436.19,438.3 1 1
digital-wallet/pkg/response/errors.go:439.2,442.3 1 1
digital-wallet/pkg/shared/utils/encrypt.go:12.30,14.2 1 1
digital-wallet/pkg/shared/utils/encrypt.go:16.53,18.16 2 1
digital-wallet/pkg/shared/utils/encrypt.go:18.16,20.3 1 1
digital-wallet/pkg/shared/utils/encrypt.go:21.2,25.32 5 1
digital-wallet/pkg/shared/utils/password.go:9.46,16.19 1 1
digital-wallet/pkg/shared/utils/password.go:16.19,18.3 1 1
digital-wallet/pkg/shared/utils/password.go:20.2,21.16 2 1
digital-wallet/pkg/shared/utils/password.go:21.16,23.3 1 0
digital-wallet/pkg/shared/utils/password.go:24.2,24.26 1 1
digital-wallet/pkg/shared/utils/password.go:28.63,33.16 3 1
digital-wallet/pkg/shared/utils/password.go:33.16,35.3 1 1
digital-wallet/pkg/shared/utils/password.go:37.2,37.13 1 1
digital-wallet/pkg/shared/utils/string.go:3.50,4.25 1 1
digital-wallet/pkg/shared/utils/string.go:4.25,5.13 1 1
digital-wallet/pkg/shared/utils/string.go:5.13,7.4 1 1
digital-wallet/pkg/shared/utils/string.go:9.2,9.14 1 1
digital-wallet/cmd/api/server.go:23.47,25.3 1 0
digital-wallet/cmd/api/server.go:28.13,30.2 1 0
digital-wallet/cmd/api/server.go:32.20,37.16 2 0
digital-wallet/cmd/api/server.go:37.16,39.3 1 0
digital-wallet/cmd/api/server.go:42.2,64.55 11 0
digital-wallet/cmd/api/server.go:64.55,66.3 1 0
digital-wallet/cmd/cron/cron.go:15.13,18.2 1 0
digital-wallet/cmd/cron/cron.go:21.36,24.2 1 0
digital-wallet/cmd/cron/health.go:13.47,15.3 1 0
digital-wallet/cmd/cron/health.go:18.27,24.53 4 0
digital-wallet/cmd/cron/health.go:24.53,26.3 1 0
digital-wallet/cmd/cron/health.go:26.8,28.3 1 0
digital-wallet/main.go:11.13,24.42 5 0
digital-wallet/main.go:24.42,25.13 1 0
digital-wallet/internal/mocks/in_transaction.go:18.120,21.19 2 0
digital-wallet/internal/mocks/in_transaction.go:21.19,22.49 1 0
digital-wallet/internal/mocks/in_transaction.go:25.2,27.106 3 0
digital-wallet/internal/mocks/in_transaction.go:27.106,29.3 1 0
digital-wallet/internal/mocks/in_transaction.go:30.2,30.97 1 0
digital-wallet/internal/mocks/in_transaction.go:30.97,32.3 1 0
digital-wallet/internal/mocks/in_transaction.go:32.8,33.24 1 0
digital-wallet/internal/mocks/in_transaction.go:33.24,35.4 1 0
digital-wallet/internal/mocks/in_transaction.go:38.2,38.91 1 0
digital-wallet/internal/mocks/in_transaction.go:38.91,40.3 1 0
digital-wallet/internal/mocks/in_transaction.go:40.8,42.3 1 0
digital-wallet/internal/mocks/in_transaction.go:44.2,44.15 1 0
digital-wallet/internal/mocks/in_transaction.go:52.19,56.19 3 0
digital-wallet/internal/mocks/in_transaction.go:56.19,56.49 1 0
digital-wallet/internal/mocks/in_transaction.go:58.2,58.13 1 0
digital-wallet/internal/mocks/registry_repository.go:18.122,21.19 2 0
digital-wallet/internal/mocks/registry_repository.go:21.19,22.57 1 0
digital-wallet/internal/mocks/registry_repository.go:25.2,27.101 3 0
digital-wallet/internal/mocks/registry_repository.go:27.101,29.3 1 0
digital-wallet/internal/mocks/registry_repository.go:30.2,30.92 1 0
digital-wallet/internal/mocks/registry_repository.go:30.92,32.3 1 0
digital-wallet/internal/mocks/registry_repository.go:32.8,33.24 1 0
digital-wallet/internal/mocks/registry_repository.go:33.24,35.4 1 0
digital-wallet/internal/mocks/registry_repository.go:38.2,38.86 1 0
digital-wallet/internal/mocks/registry_repository.go:38.86,40.3 1 0
digital-wallet/internal/mocks/registry_repository.go:40.8,42.3 1 0
digital-wallet/internal/mocks/registry_repository.go:44.2,44.15 1 0
digital-wallet/internal/mocks/registry_repository.go:48.81,51.19 2 0
digital-wallet/internal/mocks/registry_repository.go:51.19,52.61 1 0
digital-wallet/internal/mocks/registry_repository.go:55.2,56.67 2 0
digital-wallet/internal/mocks/registry_repository.go:56.67,58.3 1 0
digital-wallet/internal/mocks/registry_repository.go:58.8,59.24 1 0
digital-wallet/internal/mocks/registry_repository.go:59.24,61.4 1 0
digital-wallet/internal/mocks/registry_repository.go:64.2,64.11 1 0
digital-wallet/internal/mocks/registry_repository.go:68.103,71.19 2 0
digital-wallet/internal/mocks/registry_repository.go:71.19,72.72 1 0
digital-wallet/internal/mocks/registry_repository.go:75.2,76.78 2 0
digital-wallet/internal/mocks/registry_repository.go:76.78,78.3 1 0
digital-wallet/internal/mocks/registry_repository.go:78.8,79.24 1 0
digital-wallet/internal/mocks/registry_repository.go:79.24,81.4 1 0
digital-wallet/internal/mocks/registry_repository.go:84.2,84.11 1 0
digital-wallet/internal/mocks/registry_repository.go:92.24,96.19 3 0
digital-wallet/internal/mocks/registry_repository.go:96.19,96.49 1 0
digital-wallet/internal/mocks/registry_repository.go:98.2,98.13 1 0
digital-wallet/internal/mocks/stack_tracer.go:16.55,19.19 2 0
digital-wallet/internal/mocks/stack_tracer.go:19.19,20.52 1 0
digital-wallet/internal/mocks/stack_tracer.go:23.2,24.57 2 0
digital-wallet/internal/mocks/stack_tracer.go:24.57,26.3 1 0
digital-wallet/internal/mocks/stack_tracer.go:26.8,27.24 1 0
digital-wallet/internal/mocks/stack_tracer.go:27.24,29.4 1 0
digital-wallet/internal/mocks/stack_tracer.go:32.2,32.11 1 0
digital-wallet/internal/mocks/stack_tracer.go:40.17,44.19 3 0
digital-wallet/internal/mocks/stack_tracer.go:44.19,44.49 1 0
digital-wallet/internal/mocks/stack_tracer.go:46.2,46.13 1 0
digital-wallet/internal/mocks/wallet_repository.go:19.86,22.19 2 0
digital-wallet/internal/mocks/wallet_repository.go:22.19,23.48 1 0
digital-wallet/internal/mocks/wallet_repository.go:26.2,27.76 2 0
digital-wallet/internal/mocks/wallet_repository.go:27.76,29.3 1 0
digital-wallet/internal/mocks/wallet_repository.go:29.8,31.3 1 0
digital-wallet/internal/mocks/wallet_repository.go:33.2,33.11 1 0
digital-wallet/internal/mocks/wallet_repository.go:37.95,40.19 2 0
digital-wallet/internal/mocks/wallet_repository.go:40.19,41.52 1 0
digital-wallet/internal/mocks/wallet_repository.go:44.2,46.79 3 0
digital-wallet/internal/mocks/wallet_repository.go:46.79,48.3 1 0
digital-wallet/internal/mocks/wallet_repository.go:49.2,49.70 1 0
digital-wallet/internal/mocks/wallet_repository.go:49.70,51.3 1 0
digital-wallet/internal/mocks/wallet_repository.go:51.8,53.3 1 0
digital-wallet/internal/mocks/wallet_repository.go:55.2,55.68 1 0
digital-wallet/internal/mocks/wallet_repository.go:55.68,57.3 1 0
digital-wallet/internal/mocks/wallet_repository.go:57.8,59.3 1 0
digital-wallet/internal/mocks/wallet_repository.go:61.2,61.15 1 0
digital-wallet/internal/mocks/wallet_repository.go:65.93,68.19 2 0
digital-wallet/internal/mocks/wallet_repository.go:68.19,69.49 1 0
digital-wallet/internal/mocks/wallet_repository.go:72.2,74.86 3 0
digital-wallet/internal/mocks/wallet_repository.go:74.86,76.3 1 0
digital-wallet/internal/mocks/wallet_repository.go:77.2,77.77 1 0
digital-wallet/internal/mocks/wallet_repository.go:77.77,79.3 1 0
digital-wallet/internal/mocks/wallet_repository.go:79.8,80.24 1 0
digital-wallet/internal/mocks/wallet_repository.go:80.24,82.4 1 0
digital-wallet/internal/mocks/wallet_repository.go:85.2,85.68 1 0
digital-wallet/internal/mocks/wallet_repository.go:85.68,87.3 1 0
digital-wallet/internal/mocks/wallet_repository.go:87.8,89.3 1 0
digital-wallet/internal/mocks/wallet_repository.go:91.2,91.15 1 0
digital-wallet/internal/mocks/wallet_repository.go:95.101,98.19 2 0
digital-wallet/internal/mocks/wallet_repository.go:98.19,99.53 1 0
digital-wallet/internal/mocks/wallet_repository.go:102.2,104.86 3 0
digital-wallet/internal/mocks/wallet_repository.go:104.86,106.3 1 0
digital-wallet/internal/mocks/wallet_repository.go:107.2,107.77 1 0
digital-wallet/internal/mocks/wallet_repository.go:107.77,109.3 1 0
digital-wallet/internal/mocks/wallet_repository.go:109.8,110.24 1 0
digital-wallet/internal/mocks/wallet_repository.go:110.24,112.4 1 0
digital-wallet/internal/mocks/wallet_repository.go:115.2,115.68 1 0
digital-wallet/internal/mocks/wallet_repository.go:115.68,117.3 1 0
digital-wallet/internal/mocks/wallet_repository.go:117.8,119.3 1 0
digital-wallet/internal/mocks/wallet_repository.go:121.2,121.15 1 0
digital-wallet/internal/mocks/wallet_repository.go:125.86,128.19 2 0
digital-wallet/internal/mocks/wallet_repository.go:128.19,129.48 1 0
digital-wallet/internal/mocks/wallet_repository.go:132.2,133.76 2 0
digital-wallet/internal/mocks/wallet_repository.go:133.76,135.3 1 0
digital-wallet/internal/mocks/wallet_repository.go:135.8,137.3 1 0
digital-wallet/internal/mocks/wallet_repository.go:139.2,139.11 1 0
digital-wallet/internal/mocks/wallet_repository.go:143.103,146.19 2 0
digital-wallet/internal/mocks/wallet_repository.go:146.19,147.55 1 0
digital-wallet/internal/mocks/wallet_repository.go:150.2,151.77 2 0
digital-wallet/internal/mocks/wallet_repository.go:151.77,153.3 1 0
digital-wallet/internal/mocks/wallet_repository.go:153.8,155.3 1 0
digital-wallet/internal/mocks/wallet_repository.go:157.2,157.11 1 0
digital-wallet/internal/mocks/wallet_repository.go:161.116,164.19 2 0
digital-wallet/internal/mocks/wallet_repository.go:164.19,165.50 1 0
digital-wallet/internal/mocks/wallet_repository.go:168.2,170.95 3 0
digital-wallet/internal/mocks/wallet_repository.go:170.95,172.3 1 0
digital-wallet/internal/mocks/wallet_repository.go:173.2,173.86 1 0
digital-wallet/internal/mocks/wallet_repository.go:173.86,175.3 1 0
digital-wallet/internal/mocks/wallet_repository.go:175.8,176.24 1 0
digital-wallet/internal/mocks/wallet_repository.go:176.24,178.4 1 0
digital-wallet/internal/mocks/wallet_repository.go:181.2,181.77 1 0
digital-wallet/internal/mocks/wallet_repository.go:181.77,183.3 1 0
digital-wallet/internal/mocks/wallet_repository.go:183.8,185.3 1 0
digital-wallet/internal/mocks/wallet_repository.go:187.2,187.15 1 0
digital-wallet/internal/mocks/wallet_repository.go:195.22,199.19 3 0
digital-wallet/internal/mocks/wallet_repository.go:199.19,199.49 1 0
digital-wallet/internal/mocks/wallet_repository.go:201.2,201.13 1 0
digital-wallet/internal/mocks/wallet_service.go:20.103,23.19 2 0
digital-wallet/internal/mocks/wallet_service.go:23.19,24.52 1 0
digital-wallet/internal/mocks/wallet_service.go:27.2,29.92 3 0
digital-wallet/internal/mocks/wallet_service.go:29.92,31.3 1 0
digital-wallet/internal/mocks/wallet_service.go:32.2,32.83 1 0
digital-wallet/internal/mocks/wallet_service.go:32.83,34.3 1 0
digital-wallet/internal/mocks/wallet_service.go:34.8,35.24 1 0
digital-wallet/internal/mocks/wallet_service.go:35.24,37.4 1 0
digital-wallet/internal/mocks/wallet_service.go:40.2,40.68 1 0
digital-wallet/internal/mocks/wallet_service.go:40.68,42.3 1 0
digital-wallet/internal/mocks/wallet_service.go:42.8,44.3 1 0
digital-wallet/internal/mocks/wallet_service.go:46.2,46.15 1 0
digital-wallet/internal/mocks/wallet_service.go:50.104,53.19 2 0
digital-wallet/internal/mocks/wallet_service.go:53.19,54.59 1 0
digital-wallet/internal/mocks/wallet_service.go:57.2,59.86 3 0
digital-wallet/internal/mocks/wallet_service.go:59.86,61.3 1 0
digital-wallet/internal/mocks/wallet_service.go:62.2,62.77 1 0
digital-wallet/internal/mocks/wallet_service.go:62.77,64.3 1 0
digital-wallet/internal/mocks/wallet_service.go:64.8,65.24 1 0
digital-wallet/internal/mocks/wallet_service.go:65.24,67.4 1 0
digital-wallet/internal/mocks/wallet_service.go:70.2,70.68 1 0
digital-wallet/internal/mocks/wallet_service.go:70.68,72.3 1 0
digital-wallet/internal/mocks/wallet_service.go:72.8,74.3 1 0
digital-wallet/internal/mocks/wallet_service.go:76.2,76.15 1 0
digital-wallet/internal/mocks/wallet_service.go:80.150,83.19 2 0
digital-wallet/internal/mocks/wallet_service.go:83.19,84.63 1 0
digital-wallet/internal/mocks/wallet_service.go:87.2,90.115 4 0
digital-wallet/internal/mocks/wallet_service.go:90.115,92.3 1 0
digital-wallet/internal/mocks/wallet_service.go:93.2,93.99 1 0
digital-wallet/internal/mocks/wallet_service.go:93.99,95.3 1 0
digital-wallet/internal/mocks/wallet_service.go:95.8,96.24 1 0
digital-wallet/internal/mocks/wallet_service.go:96.24,98.4 1 0
digital-wallet/internal/mocks/wallet_service.go:101.2,101.78 1 0
digital-wallet/internal/mocks/wallet_service.go:101.78,103.3 1 0
digital-wallet/internal/mocks/wallet_service.go:103.8,105.3 1 0
digital-wallet/internal/mocks/wallet_service.go:107.2,107.78 1 0
digital-wallet/internal/mocks/wallet_service.go:107.78,109.3 1 0
digital-wallet/internal/mocks/wallet_service.go:109.8,111.3 1 0
digital-wallet/internal/mocks/wallet_service.go:113.2,113.19 1 0
digital-wallet/internal/mocks/wallet_service.go:117.112,120.19 2 0
digital-wallet/internal/mocks/wallet_service.go:120.19,121.50 1 0
digital-wallet/internal/mocks/wallet_service.go:124.2,126.106 3 0
digital-wallet/internal/mocks/wallet_service.go:126.106,128.3 1 0
digital-wallet/internal/mocks/wallet_service.go:129.2,129.97 1 0
digital-wallet/internal/mocks/wallet_service.go:129.97,131.3 1 0
digital-wallet/internal/mocks/wallet_service.go:131.8,132.24 1 0
digital-wallet/internal/mocks/wallet_service.go:132.24,134.4 1 0
digital-wallet/internal/mocks/wallet_service.go:137.2,137.81 1 0
digital-wallet/internal/mocks/wallet_service.go:137.81,139.3 1 0
digital-wallet/internal/mocks/wallet_service.go:139.8,141.3 1 0
digital-wallet/internal/mocks/wallet_service.go:143.2,143.15 1 0
digital-wallet/internal/mocks/wallet_service.go:151.19,155.19 3 0
digital-wallet/internal/mocks/wallet_service.go:155.19,155.49 1 0
digital-wallet/internal/mocks/wallet_service.go:157.2,157.13 1 0
digital-wallet/internal/mocks/wallet_transaction_repository.go:19.109,22.19 2 0
digital-wallet/internal/mocks/wallet_transaction_repository.go:22.19,23.57 1 0
digital-wallet/internal/mocks/wallet_transaction_repository.go:26.2,28.77 3 0
digital-wallet/internal/mocks/wallet_transaction_repository.go:28.77,30.3 1 0
digital-wallet/internal/mocks/wallet_transaction_repository.go:31.2,31.68 1 0
digital-wallet/internal/mocks/wallet_transaction_repository.go:31.68,33.3 1 0
digital-wallet/internal/mocks/wallet_transaction_repository.go:33.8,35.3 1 0
digital-wallet/internal/mocks/wallet_transaction_repository.go:37.2,37.68 1 0
digital-wallet/internal/mocks/wallet_transaction_repository.go:37.68,39.3 1 0
digital-wallet/internal/mocks/wallet_transaction_repository.go:39.8,41.3 1 0
digital-wallet/internal/mocks/wallet_transaction_repository.go:43.2,43.15 1 0
digital-wallet/internal/mocks/wallet_transaction_repository.go:47.113,50.19 2 0
digital-wallet/internal/mocks/wallet_transaction_repository.go:50.19,51.48 1 0
digital-wallet/internal/mocks/wallet_transaction_repository.go:54.2,55.87 2 0
digital-wallet/internal/mocks/wallet_transaction_repository.go:55.87,57.3 1 0
digital-wallet/internal/mocks/wallet_transaction_repository.go:57.8,59.3 1 0
digital-wallet/internal/mocks/wallet_transaction_repository.go:61.2,61.11 1 0
digital-wallet/internal/mocks/wallet_transaction_repository.go:65.115,68.19 2 0
digital-wallet/internal/mocks/wallet_transaction_repository.go:68.19,69.49 1 0
digital-wallet/internal/mocks/wallet_transaction_repository.go:72.2,74.97 3 0
digital-wallet/internal/mocks/wallet_transaction_repository.go:74.97,76.3 1 0
digital-wallet/internal/mocks/wallet_transaction_repository.go:77.2,77.88 1 0
digital-wallet/internal/mocks/wallet_transaction_repository.go:77.88,79.3 1 0
digital-wallet/internal/mocks/wallet_transaction_repository.go:79.8,80.24 1 0
digital-wallet/internal/mocks/wallet_transaction_repository.go:80.24,82.4 1 0
digital-wallet/internal/mocks/wallet_transaction_repository.go:85.2,85.68 1 0
digital-wallet/internal/mocks/wallet_transaction_repository.go:85.68,87.3 1 0
digital-wallet/internal/mocks/wallet_transaction_repository.go:87.8,89.3 1 0
digital-wallet/internal/mocks/wallet_transaction_repository.go:91.2,91.15 1 0
digital-wallet/internal/mocks/wallet_transaction_repository.go:95.151,98.19 2 0
digital-wallet/internal/mocks/wallet_transaction_repository.go:98.19,99.55 1 0
digital-wallet/internal/mocks/wallet_transaction_repository.go:102.2,104.108 3 0
digital-wallet/internal/mocks/wallet_transaction_repository.go:104.108,106.3 1 0
digital-wallet/internal/mocks/wallet_transaction_repository.go:107.2,107.99 1 0
digital-wallet/internal/mocks/wallet_transaction_repository.go:107.99,109.3 1 0
digital-wallet/internal/mocks/wallet_transaction_repository.go:109.8,110.24 1 0
digital-wallet/internal/mocks/wallet_transaction_repository.go:110.24,112.4 1 0
digital-wallet/internal/mocks/wallet_transaction_repository.go:115.2,115.78 1 0
digital-wallet/internal/mocks/wallet_transaction_repository.go:115.78,117.3 1 0
digital-wallet/internal/mocks/wallet_transaction_repository.go:117.8,119.3 1 0
digital-wallet/internal/mocks/wallet_transaction_repository.go:121.2,121.15 1 0
digital-wallet/internal/mocks/wallet_transaction_repository.go:125.113,128.19 2 0
digital-wallet/internal/mocks/wallet_transaction_repository.go:128.19,129.48 1 0
digital-wallet/internal/mocks/wallet_transaction_repository.go:132.2,133.87 2 0
digital-wallet/internal/mocks/wallet_transaction_repository.go:133.87,135.3 1 0
digital-wallet/internal/mocks/wallet_transaction_repository.go:135.8,137.3 1 0
digital-wallet/internal/mocks/wallet_transaction_repository.go:139.2,139.11 1 0
digital-wallet/internal/mocks/wallet_transaction_repository.go:147.33,151.19 3 0
digital-wallet/internal/mocks/wallet_transaction_repository.go:151.19,151.49 1 0
digital-wallet/internal/mocks/wallet_transaction_repository.go:153.2,153.13 1 0
digital-wallet/cmd/migrate/migrate.go:20.47,22.3 1 0
digital-wallet/cmd/migrate/migrate.go:28.47,30.3 1 0
digital-wallet/cmd/migrate/migrate.go:33.13,36.2 2 0
digital-wallet/cmd/migrate/migrate.go:38.57,42.16 3 0
digital-wallet/cmd/migrate/migrate.go:42.16,44.3 1 0
digital-wallet/cmd/migrate/migrate.go:46.2,51.16 3 0
digital-wallet/cmd/migrate/migrate.go:51.16,53.3 1 0
digital-wallet/cmd/migrate/migrate.go:55.2,55.43 1 0
digital-wallet/internal/services/wallet.go:24.108,29.2 1 1
digital-wallet/internal/services/wallet.go:32.103,37.59 3 1
digital-wallet/internal/services/wallet.go:37.59,39.3 1 1
digital-wallet/internal/services/wallet.go:42.2,42.19 1 1
digital-wallet/internal/services/wallet.go:42.19,44.3 1 1
digital-wallet/internal/services/wallet.go:47.2,55.58 2 1
digital-wallet/internal/services/wallet.go:55.58,57.3 1 0
digital-wallet/internal/services/wallet.go:59.2,59.23 1 1
digital-wallet/internal/services/wallet.go:63.102,68.16 3 1
digital-wallet/internal/services/wallet.go:68.16,70.3 1 1
digital-wallet/internal/services/wallet.go:73.2,74.16 2 1
digital-wallet/internal/services/wallet.go:74.16,76.3 1 1
digital-wallet/internal/services/wallet.go:78.2,83.8 1 1
digital-wallet/internal/services/wallet.go:88.111,91.16 2 1
digital-wallet/internal/services/wallet.go:91.16,93.3 1 1
digital-wallet/internal/services/wallet.go:96.2,96.22 1 1
digital-wallet/internal/services/wallet.go:96.22,98.3 1 1
digital-wallet/internal/services/wallet.go:101.2,101.130 1 1
digital-wallet/internal/services/wallet.go:101.130,117.66 5 1
digital-wallet/internal/services/wallet.go:117.66,119.4 1 1
digital-wallet/internal/services/wallet.go:122.3,123.17 2 1
digital-wallet/internal/services/wallet.go:123.17,128.4 3 1
digital-wallet/internal/services/wallet.go:131.3,132.66 2 1
digital-wallet/internal/services/wallet.go:132.66,134.4 1 1
digital-wallet/internal/services/wallet.go:137.3,145.9 1 1
digital-wallet/internal/services/wallet.go:148.2,148.16 1 1
digital-wallet/internal/services/wallet.go:148.16,150.3 1 1
digital-wallet/internal/services/wallet.go:152.2,152.44 1 1
digital-wallet/internal/services/wallet.go:156.145,162.59 4 1
digital-wallet/internal/services/wallet.go:162.59,164.3 1 1
digital-wallet/internal/services/wallet.go:166.2,166.19 1 1
digital-wallet/internal/services/wallet.go:166.19,168.3 1 1
digital-wallet/internal/services/wallet.go:171.2,172.16 2 1
digital-wallet/internal/services/wallet.go:172.16,174.3 1 1
digital-wallet/internal/services/wallet.go:177.2,178.16 2 1
digital-wallet/internal/services/wallet.go:178.16,180.3 1 0
digital-wallet/internal/services/wallet.go:182.2,182.33 1 1
